#
# A fatal error has been detected by the Java Runtime Environment:
#
#  SIGSEGV (0xb) at pc=0x0000000110048358, pid=25335, tid=18691
#
# JRE version: Java(TM) SE Runtime Environment (8.0_91-b14) (build 1.8.0_91-b14)
# Java VM: Java HotSpot(TM) 64-Bit Server VM (25.91-b14 mixed mode bsd-amd64 compressed oops)
# Problematic frame:
# V  [libjvm.dylib+0x448358]
#
# Failed to write core dump. Core dumps have been disabled. To enable core dumping, try "ulimit -c unlimited" before starting Java again
#
# If you would like to submit a bug report, please visit:
#   http://bugreport.java.com/bugreport/crash.jsp
#

---------------  T H R E A D  ---------------

Current thread (0x00007fd167008000):  JavaThread "JDWP Transport Listener: dt_socket" daemon [_thread_in_vm, id=18691, stack(0x000000012e1cc000,0x000000012e2cc000)]

siginfo: si_signo: 11 (SIGSEGV), si_code: 0 (unknown), si_addr: 0x0000000000000000

Registers:
RAX=0x0000000000000001, RBX=0x000000012e2cba8b, RCX=0x0000000110418340, RDX=0x000000012e2cba8b
RSP=0x000000012e2cb9d0, RBP=0x000000012e2cb9e0, RSI=0x00007fd167008000, RDI=0x6f7246726f746361
R8 =0x0000000000000000, R9 =0x00007fd163900000, R10=0x0000000000000010, R11=0x00007fd163900000
R12=0x00007fd167008000, R13=0x6f7246726f746361, R14=0x6f7246726f746361, R15=0x00007fd163a02110
RIP=0x0000000110048358, EFLAGS=0x0000000000010202, ERR=0x0000000000000000
  TRAPNO=0x000000000000000d

Top of Stack: (sp=0x000000012e2cb9d0)
0x000000012e2cb9d0:   000000012e2cba8b 000000012e2cba8b
0x000000012e2cb9e0:   000000012e2cba40 000000010ff57316
0x000000012e2cb9f0:   00007fd167008000 0000000000000000
0x000000012e2cba00:   0000000000000000 0000000000000000
0x000000012e2cba10:   00007fd167008000 00007fd167008000
0x000000012e2cba20:   000000012e2cba8b 000000012e2cba90
0x000000012e2cba30:   6f7246726f746361 0000000000000005
0x000000012e2cba40:   000000012e2cba60 0000000110bb4780
0x000000012e2cba50:   0000000000000001 000000012e2cbb08
0x000000012e2cba60:   000000012e2cbad0 0000000110b991f3
0x000000012e2cba70:   000000012e2cbaa0 00007fd163930890
0x000000012e2cba80:   0000000600000032 0000000a002cbb08
0x000000012e2cba90:   0000000000000000 0000000000000000
0x000000012e2cbaa0:   0000000000000000 000000012e2cbc90
0x000000012e2cbab0:   0000000110bbbe7a 00007fd1639308d0
0x000000012e2cbac0:   000000012e2cbb08 0000000110bc7598
0x000000012e2cbad0:   000000012e2cbae0 0000000110b992ec
0x000000012e2cbae0:   000000012e2cbd00 0000000110ba2898
0x000000012e2cbaf0:   000003cb00000013 00000000000f0200
0x000000012e2cbb00:   00007fd16392c060 00007fd1639315a4
0x000000012e2cbb10:   00007fd100000234 00007fd163920070
0x000000012e2cbb20:   00007fd10000012c 000000012e2cbb58
0x000000012e2cbb30:   00007fd163920070 00007f0000000000
0x000000012e2cbb40:   000003cb0000001c 00007fff00007780
0x000000012e2cbb50:   000000012e2cbb58 d17f000006000000
0x000000012e2cbb60:   0800000028529263 3e74696e696c633c
0x000000012e2cbb70:   0056292803000000 0008000000000000
0x000000012e2cbb80:   0020529263d17f00 74696e693c060000
0x000000012e2cbb90:   562928030000003e 0100000000000000
0x000000012e2cbba0:   30529263d17f0000 6e69616d04000000
0x000000012e2cbbb0:   6a4c5b2816000000 676e616c2f617661
0x000000012e2cbbc0:   3b676e697274532f 0000000000005629 

Instructions: (pc=0x0000000110048358)
0x0000000110048338:   40 48 48 85 c0 75 e0 30 c0 0f b6 c0 5d c3 31 c0
0x0000000110048348:   5d c3 55 48 89 e5 53 48 83 ec 08 48 85 ff 74 24
0x0000000110048358:   48 8b 1f 48 85 db 74 1c 48 83 fb 37 74 16 48 8b
0x0000000110048368:   03 48 89 df ff 50 10 84 c0 b8 00 00 00 00 48 0f 

Register to memory mapping:

RAX=0x0000000000000001 is an unknown value
RBX=0x000000012e2cba8b is pointing into the stack for thread: 0x00007fd167008000
RCX=0x0000000110418340: UseMembar+0 in /Library/Java/JavaVirtualMachines/jdk1.8.0_91.jdk/Contents/Home/jre/lib/server/libjvm.dylib at 0x000000010fc00000
RDX=0x000000012e2cba8b is pointing into the stack for thread: 0x00007fd167008000
RSP=0x000000012e2cb9d0 is pointing into the stack for thread: 0x00007fd167008000
RBP=0x000000012e2cb9e0 is pointing into the stack for thread: 0x00007fd167008000
RSI=0x00007fd167008000 is a thread
RDI=0x6f7246726f746361 is an unknown value
R8 =0x0000000000000000 is an unknown value
R9 =0x00007fd163900000 is an unknown value
R10=0x0000000000000010 is an unknown value
R11=0x00007fd163900000 is an unknown value
R12=0x00007fd167008000 is a thread
R13=0x6f7246726f746361 is an unknown value
R14=0x6f7246726f746361 is an unknown value
R15=0x00007fd163a02110 is an unknown value


Stack: [0x000000012e1cc000,0x000000012e2cc000],  sp=0x000000012e2cb9d0,  free space=1022k
Native frames: (J=compiled Java code, j=interpreted, Vv=VM code, C=native code)
V  [libjvm.dylib+0x448358]
V  [libjvm.dylib+0x357316]
C  [libjdwp.dylib+0x20780]  isMethodSynthetic+0x63
C  [libjdwp.dylib+0x51f3]  methods1+0x10b
C  [libjdwp.dylib+0x52ec]  methodsWithGeneric+0xe
C  [libjdwp.dylib+0xe898]  debugLoop_run+0x1ce
C  [libjdwp.dylib+0x1f6ba]  attachThread+0x4d
V  [libjvm.dylib+0x39867c]
V  [libjvm.dylib+0x563d17]
V  [libjvm.dylib+0x565412]
V  [libjvm.dylib+0x484f82]
C  [libsystem_pthread.dylib+0x405a]  _pthread_body+0x83
C  [libsystem_pthread.dylib+0x3fd7]  _pthread_body+0x0
C  [libsystem_pthread.dylib+0x13ed]  thread_start+0xd
C  0x0000000000000000


---------------  P R O C E S S  ---------------

Java Threads: ( => current thread )
  0x00007fd167815000 JavaThread "Service Thread" daemon [_thread_blocked, id=22275, stack(0x000000012e8e1000,0x000000012e9e1000)]
  0x00007fd16780c000 JavaThread "C1 CompilerThread3" daemon [_thread_blocked, id=21763, stack(0x000000012e7de000,0x000000012e8de000)]
  0x00007fd165038000 JavaThread "C2 CompilerThread2" daemon [_thread_blocked, id=21251, stack(0x000000012e6db000,0x000000012e7db000)]
  0x00007fd16502c800 JavaThread "C2 CompilerThread1" daemon [_thread_blocked, id=20739, stack(0x000000012e5d8000,0x000000012e6d8000)]
  0x00007fd165830800 JavaThread "C2 CompilerThread0" daemon [_thread_blocked, id=20227, stack(0x000000012e4d5000,0x000000012e5d5000)]
  0x00007fd164818000 JavaThread "JDWP Command Reader" daemon [_thread_in_native, id=19715, stack(0x000000012e3d2000,0x000000012e4d2000)]
  0x00007fd16780a000 JavaThread "JDWP Event Helper Thread" daemon [_thread_blocked, id=19203, stack(0x000000012e2cf000,0x000000012e3cf000)]
=>0x00007fd167008000 JavaThread "JDWP Transport Listener: dt_socket" daemon [_thread_in_vm, id=18691, stack(0x000000012e1cc000,0x000000012e2cc000)]
  0x00007fd167814000 JavaThread "Signal Dispatcher" daemon [_thread_blocked, id=18203, stack(0x000000012e0c2000,0x000000012e1c2000)]
  0x00007fd164811800 JavaThread "Finalizer" daemon [_thread_blocked, id=13571, stack(0x000000012c6b3000,0x000000012c7b3000)]
  0x00007fd164809000 JavaThread "Reference Handler" daemon [_thread_blocked, id=13059, stack(0x000000012c5b0000,0x000000012c6b0000)]
  0x00007fd164804800 JavaThread "main" [_thread_blocked, id=4867, stack(0x000000010ea8d000,0x000000010eb8d000)]

Other Threads:
  0x00007fd16580f000 VMThread [stack: 0x000000012c4ad000,0x000000012c5ad000] [id=12547]
  0x00007fd16582f800 WatcherThread [stack: 0x000000012e9e4000,0x000000012eae4000] [id=22787]

VM state:not at safepoint (normal execution)

VM Mutex/Monitor currently owned by a thread: None

Heap:
 PSYoungGen      total 76288K, used 10580K [0x000000076ab00000, 0x0000000770000000, 0x00000007c0000000)
  eden space 65536K, 16% used [0x000000076ab00000,0x000000076b5551d0,0x000000076eb00000)
  from space 10752K, 0% used [0x000000076f580000,0x000000076f580000,0x0000000770000000)
  to   space 10752K, 0% used [0x000000076eb00000,0x000000076eb00000,0x000000076f580000)
 ParOldGen       total 175104K, used 0K [0x00000006c0000000, 0x00000006cab00000, 0x000000076ab00000)
  object space 175104K, 0% used [0x00000006c0000000,0x00000006c0000000,0x00000006cab00000)
 Metaspace       used 4778K, capacity 5496K, committed 5760K, reserved 1056768K
  class space    used 532K, capacity 560K, committed 640K, reserved 1048576K

Card table byte_map: [0x000000011ff9f000,0x00000001207a0000] byte_map_base: 0x000000011c99f000

Marking Bits: (ParMarkBitMap*) 0x00000001104e6eb0
 Begin Bits: [0x000000012150e000, 0x000000012550e000)
 End Bits:   [0x000000012550e000, 0x000000012950e000)

Polling page: 0x000000010ebd2000

CodeCache: size=245760Kb used=2098Kb max_used=2098Kb free=243661Kb
 bounds [0x0000000110bdf000, 0x0000000110e4f000, 0x000000011fbdf000]
 total_blobs=591 nmethods=336 adapters=177
 compilation: enabled

Compilation events (10 events):
Event: 0.330 Thread 0x00007fd16780c000  265       1       org.jsoup.parser.Token$Tag::isSelfClosing (5 bytes)
Event: 0.330 Thread 0x00007fd16780c000 nmethod 265 0x0000000110debe90 code [0x0000000110debfe0, 0x0000000110dec0f0]
Event: 0.330 Thread 0x00007fd16780c000  266       1       org.jsoup.nodes.Element::tag (5 bytes)
Event: 0.330 Thread 0x00007fd16780c000 nmethod 266 0x0000000110dec150 code [0x0000000110dec2a0, 0x0000000110dec3b0]
Event: 0.330 Thread 0x00007fd16780c000  267       1       org.jsoup.parser.Tag::isFormListed (5 bytes)
Event: 0.331 Thread 0x00007fd16780c000 nmethod 267 0x0000000110dec410 code [0x0000000110dec560, 0x0000000110dec670]
Event: 0.331 Thread 0x00007fd16780c000  282       1       org.jsoup.parser.HtmlTreeBuilder::originalState (5 bytes)
Event: 0.331 Thread 0x00007fd16780c000 nmethod 282 0x0000000110dec6d0 code [0x0000000110dec820, 0x0000000110dec930]
Event: 0.331 Thread 0x00007fd16780c000  284       1       org.jsoup.parser.HtmlTreeBuilder::getStack (5 bytes)
Event: 0.331 Thread 0x00007fd16780c000 nmethod 284 0x0000000110dec990 code [0x0000000110decae0, 0x0000000110decbf0]

GC Heap History (0 events):
No events

Deoptimization events (0 events):
No events

Internal exceptions (6 events):
Event: 0.031 Thread 0x00007fd164804800 Exception <a 'java/lang/NoSuchMethodError': Method sun.misc.Unsafe.defineClass(Ljava/lang/String;[BII)Ljava/lang/Class; name or signature does not match> (0x000000076ab07cc0) thrown at [/Users/java_re/workspace/8-2-build-macosx-x86_64/jdk8u91/6644/hotspot
Event: 0.031 Thread 0x00007fd164804800 Exception <a 'java/lang/NoSuchMethodError': Method sun.misc.Unsafe.prefetchRead(Ljava/lang/Object;J)V name or signature does not match> (0x000000076ab07fa8) thrown at [/Users/java_re/workspace/8-2-build-macosx-x86_64/jdk8u91/6644/hotspot/src/share/vm/prim
Event: 0.167 Thread 0x00007fd164804800 Exception <a 'java/security/PrivilegedActionException'> (0x000000076abc2c70) thrown at [/Users/java_re/workspace/8-2-build-macosx-x86_64/jdk8u91/6644/hotspot/src/share/vm/prims/jvm.cpp, line 1386]
Event: 0.167 Thread 0x00007fd164804800 Exception <a 'java/security/PrivilegedActionException'> (0x000000076abc2e80) thrown at [/Users/java_re/workspace/8-2-build-macosx-x86_64/jdk8u91/6644/hotspot/src/share/vm/prims/jvm.cpp, line 1386]
Event: 0.167 Thread 0x00007fd164804800 Exception <a 'java/security/PrivilegedActionException'> (0x000000076abc6120) thrown at [/Users/java_re/workspace/8-2-build-macosx-x86_64/jdk8u91/6644/hotspot/src/share/vm/prims/jvm.cpp, line 1386]
Event: 0.167 Thread 0x00007fd164804800 Exception <a 'java/security/PrivilegedActionException'> (0x000000076abc6330) thrown at [/Users/java_re/workspace/8-2-build-macosx-x86_64/jdk8u91/6644/hotspot/src/share/vm/prims/jvm.cpp, line 1386]

Events (10 events):
Event: 175.052 Executing VM operation: EnterInterpOnlyMode
Event: 175.052 Executing VM operation: EnterInterpOnlyMode done
Event: 175.052 Executing VM operation: GetCurrentLocation
Event: 175.052 Executing VM operation: GetCurrentLocation done
Event: 175.052 Executing VM operation: ChangeSingleStep
Event: 175.052 Executing VM operation: ChangeSingleStep done
Event: 175.053 Executing VM operation: ChangeSingleStep
Event: 175.053 Executing VM operation: ChangeSingleStep done
Event: 232.441 Executing VM operation: RedefineClasses
Event: 232.444 Executing VM operation: RedefineClasses done


Dynamic libraries:
0x0000000006a0b000 	/System/Library/Frameworks/Cocoa.framework/Versions/A/Cocoa
0x0000000006a0b000 	/System/Library/Frameworks/Security.framework/Versions/A/Security
0x0000000006a0b000 	/System/Library/Frameworks/ApplicationServices.framework/Versions/A/ApplicationServices
0x0000000006a0b000 	/usr/lib/libz.1.dylib
0x0000000006a0b000 	/usr/lib/libSystem.B.dylib
0x0000000006a0b000 	/usr/lib/libobjc.A.dylib
0x0000000006a0b000 	/System/Library/Frameworks/CoreFoundation.framework/Versions/A/CoreFoundation
0x0000000006a0b000 	/System/Library/Frameworks/Foundation.framework/Versions/C/Foundation
0x0000000006a0b000 	/System/Library/Frameworks/AppKit.framework/Versions/C/AppKit
0x0000000006a0b000 	/System/Library/Frameworks/CoreData.framework/Versions/A/CoreData
0x0000000006a0b000 	/System/Library/PrivateFrameworks/RemoteViewServices.framework/Versions/A/RemoteViewServices
0x0000000006a0b000 	/System/Library/PrivateFrameworks/UIFoundation.framework/Versions/A/UIFoundation
0x0000000006a0b000 	/System/Library/Frameworks/IOSurface.framework/Versions/A/IOSurface
0x0000000006a0b000 	/System/Library/Frameworks/AudioToolbox.framework/Versions/A/AudioToolbox
0x0000000006a0b000 	/System/Library/Frameworks/AudioUnit.framework/Versions/A/AudioUnit
0x0000000006a0b000 	/System/Library/PrivateFrameworks/DataDetectorsCore.framework/Versions/A/DataDetectorsCore
0x0000000006a0b000 	/System/Library/PrivateFrameworks/DesktopServicesPriv.framework/Versions/A/DesktopServicesPriv
0x0000000006a0b000 	/System/Library/Frameworks/Carbon.framework/Versions/A/Frameworks/HIToolbox.framework/Versions/A/HIToolbox
0x0000000006a0b000 	/System/Library/Frameworks/QuartzCore.framework/Versions/A/QuartzCore
0x0000000006a0b000 	/System/Library/Frameworks/Carbon.framework/Versions/A/Frameworks/SpeechRecognition.framework/Versions/A/SpeechRecognition
0x0000000006a0b000 	/usr/lib/libauto.dylib
0x0000000006a0b000 	/usr/lib/libicucore.A.dylib
0x0000000006a0b000 	/usr/lib/libxml2.2.dylib
0x0000000006a0b000 	/System/Library/PrivateFrameworks/CoreUI.framework/Versions/A/CoreUI
0x0000000006a0b000 	/System/Library/Frameworks/CoreAudio.framework/Versions/A/CoreAudio
0x0000000006a0b000 	/System/Library/Frameworks/DiskArbitration.framework/Versions/A/DiskArbitration
0x0000000006a0b000 	/usr/lib/liblangid.dylib
0x0000000006a0b000 	/System/Library/PrivateFrameworks/MultitouchSupport.framework/Versions/A/MultitouchSupport
0x0000000006a0b000 	/System/Library/Frameworks/IOKit.framework/Versions/A/IOKit
0x0000000006a0b000 	/usr/lib/libDiagnosticMessagesClient.dylib
0x0000000006a0b000 	/System/Library/Frameworks/CoreServices.framework/Versions/A/CoreServices
0x0000000006a0b000 	/System/Library/PrivateFrameworks/PerformanceAnalysis.framework/Versions/A/PerformanceAnalysis
0x0000000006a0b000 	/System/Library/PrivateFrameworks/GenerationalStorage.framework/Versions/A/GenerationalStorage
0x0000000006a0b000 	/System/Library/Frameworks/OpenGL.framework/Versions/A/OpenGL
0x0000000006a0b000 	/System/Library/PrivateFrameworks/Sharing.framework/Versions/A/Sharing
0x0000000006a0b000 	/System/Library/Frameworks/CoreGraphics.framework/Versions/A/CoreGraphics
0x0000000006a0b000 	/System/Library/Frameworks/CoreText.framework/Versions/A/CoreText
0x0000000006a0b000 	/System/Library/Frameworks/ImageIO.framework/Versions/A/ImageIO
0x0000000006a0b000 	/usr/lib/libextension.dylib
0x0000000006a0b000 	/System/Library/PrivateFrameworks/Backup.framework/Versions/A/Backup
0x0000000006a0b000 	/usr/lib/libarchive.2.dylib
0x0000000006a0b000 	/System/Library/Frameworks/CFNetwork.framework/Versions/A/CFNetwork
0x0000000006a0b000 	/System/Library/Frameworks/SystemConfiguration.framework/Versions/A/SystemConfiguration
0x0000000006a0b000 	/usr/lib/libCRFSuite.dylib
0x0000000006a0b000 	/usr/lib/libc++.1.dylib
0x0000000006a0b000 	/usr/lib/libc++abi.dylib
0x0000000006a0b000 	/usr/lib/system/libcache.dylib
0x0000000006a0b000 	/usr/lib/system/libcommonCrypto.dylib
0x0000000006a0b000 	/usr/lib/system/libcompiler_rt.dylib
0x0000000006a0b000 	/usr/lib/system/libcopyfile.dylib
0x0000000006a0b000 	/usr/lib/system/libcorecrypto.dylib
0x0000000006a0b000 	/usr/lib/system/libdispatch.dylib
0x0000000006a0b000 	/usr/lib/system/libdyld.dylib
0x0000000006a0b000 	/usr/lib/system/libkeymgr.dylib
0x0000000006a0b000 	/usr/lib/system/liblaunch.dylib
0x0000000006a0b000 	/usr/lib/system/libmacho.dylib
0x0000000006a0b000 	/usr/lib/system/libquarantine.dylib
0x0000000006a0b000 	/usr/lib/system/libremovefile.dylib
0x0000000006a0b000 	/usr/lib/system/libsystem_asl.dylib
0x0000000006a0b000 	/usr/lib/system/libsystem_blocks.dylib
0x0000000006a0b000 	/usr/lib/system/libsystem_c.dylib
0x0000000006a0b000 	/usr/lib/system/libsystem_configuration.dylib
0x0000000006a0b000 	/usr/lib/system/libsystem_coreservices.dylib
0x0000000006a0b000 	/usr/lib/system/libsystem_coretls.dylib
0x0000000006a0b000 	/usr/lib/system/libsystem_dnssd.dylib
0x0000000006a0b000 	/usr/lib/system/libsystem_info.dylib
0x0000000006a0b000 	/usr/lib/system/libsystem_kernel.dylib
0x0000000006a0b000 	/usr/lib/system/libsystem_m.dylib
0x0000000006a0b000 	/usr/lib/system/libsystem_malloc.dylib
0x0000000006a0b000 	/usr/lib/system/libsystem_network.dylib
0x0000000006a0b000 	/usr/lib/system/libsystem_networkextension.dylib
0x0000000006a0b000 	/usr/lib/system/libsystem_notify.dylib
0x0000000006a0b000 	/usr/lib/system/libsystem_platform.dylib
0x0000000006a0b000 	/usr/lib/system/libsystem_pthread.dylib
0x0000000006a0b000 	/usr/lib/system/libsystem_sandbox.dylib
0x0000000006a0b000 	/usr/lib/system/libsystem_secinit.dylib
0x0000000006a0b000 	/usr/lib/system/libsystem_stats.dylib
0x0000000006a0b000 	/usr/lib/system/libsystem_trace.dylib
0x0000000006a0b000 	/usr/lib/system/libunc.dylib
0x0000000006a0b000 	/usr/lib/system/libunwind.dylib
0x0000000006a0b000 	/usr/lib/system/libxpc.dylib
0x0000000006a0b000 	/usr/lib/libbz2.1.0.dylib
0x0000000006a0b000 	/usr/lib/liblzma.5.dylib
0x0000000006a0b000 	/usr/lib/libbsm.0.dylib
0x0000000006a0b000 	/usr/lib/libsqlite3.dylib
0x0000000006a0b000 	/usr/lib/system/libkxld.dylib
0x0000000006a0b000 	/usr/lib/libxar.1.dylib
0x0000000006a0b000 	/usr/lib/libpam.2.dylib
0x0000000006a0b000 	/usr/lib/libOpenScriptingUtil.dylib
0x0000000006a0b000 	/System/Library/Frameworks/CoreServices.framework/Versions/A/Frameworks/FSEvents.framework/Versions/A/FSEvents
0x0000000006a0b000 	/System/Library/Frameworks/CoreServices.framework/Versions/A/Frameworks/CarbonCore.framework/Versions/A/CarbonCore
0x0000000006a0b000 	/System/Library/Frameworks/CoreServices.framework/Versions/A/Frameworks/Metadata.framework/Versions/A/Metadata
0x0000000006a0b000 	/System/Library/Frameworks/CoreServices.framework/Versions/A/Frameworks/OSServices.framework/Versions/A/OSServices
0x0000000006a0b000 	/System/Library/Frameworks/CoreServices.framework/Versions/A/Frameworks/SearchKit.framework/Versions/A/SearchKit
0x0000000006a0b000 	/System/Library/Frameworks/CoreServices.framework/Versions/A/Frameworks/AE.framework/Versions/A/AE
0x0000000006a0b000 	/System/Library/Frameworks/CoreServices.framework/Versions/A/Frameworks/LaunchServices.framework/Versions/A/LaunchServices
0x0000000006a0b000 	/System/Library/Frameworks/CoreServices.framework/Versions/A/Frameworks/DictionaryServices.framework/Versions/A/DictionaryServices
0x0000000006a0b000 	/System/Library/Frameworks/NetFS.framework/Versions/A/NetFS
0x0000000006a0b000 	/System/Library/PrivateFrameworks/NetAuth.framework/Versions/A/NetAuth
0x0000000006a0b000 	/System/Library/PrivateFrameworks/login.framework/Versions/A/Frameworks/loginsupport.framework/Versions/A/loginsupport
0x0000000006a0b000 	/System/Library/PrivateFrameworks/TCC.framework/Versions/A/TCC
0x0000000006a0b000 	/usr/lib/libmecabra.dylib
0x0000000006a0b000 	/System/Library/Frameworks/ApplicationServices.framework/Versions/A/Frameworks/ATS.framework/Versions/A/ATS
0x0000000006a0b000 	/System/Library/Frameworks/ApplicationServices.framework/Versions/A/Frameworks/ColorSync.framework/Versions/A/ColorSync
0x0000000006a0b000 	/System/Library/Frameworks/ApplicationServices.framework/Versions/A/Frameworks/HIServices.framework/Versions/A/HIServices
0x0000000006a0b000 	/System/Library/Frameworks/ApplicationServices.framework/Versions/A/Frameworks/LangAnalysis.framework/Versions/A/LangAnalysis
0x0000000006a0b000 	/System/Library/Frameworks/ApplicationServices.framework/Versions/A/Frameworks/PrintCore.framework/Versions/A/PrintCore
0x0000000006a0b000 	/System/Library/Frameworks/ApplicationServices.framework/Versions/A/Frameworks/QD.framework/Versions/A/QD
0x0000000006a0b000 	/System/Library/Frameworks/ApplicationServices.framework/Versions/A/Frameworks/SpeechSynthesis.framework/Versions/A/SpeechSynthesis
0x0000000006a0b000 	/System/Library/Frameworks/Accelerate.framework/Versions/A/Accelerate
0x0000000006a0b000 	/System/Library/Frameworks/Accelerate.framework/Versions/A/Frameworks/vImage.framework/Versions/A/vImage
0x0000000006a0b000 	/System/Library/Frameworks/Accelerate.framework/Versions/A/Frameworks/vecLib.framework/Versions/A/vecLib
0x0000000006a0b000 	/System/Library/Frameworks/Accelerate.framework/Versions/A/Frameworks/vecLib.framework/Versions/A/libvDSP.dylib
0x0000000006a0b000 	/System/Library/Frameworks/Accelerate.framework/Versions/A/Frameworks/vecLib.framework/Versions/A/libvMisc.dylib
0x0000000006a0b000 	/System/Library/Frameworks/Accelerate.framework/Versions/A/Frameworks/vecLib.framework/Versions/A/libLAPACK.dylib
0x0000000006a0b000 	/System/Library/Frameworks/Accelerate.framework/Versions/A/Frameworks/vecLib.framework/Versions/A/libBLAS.dylib
0x0000000006a0b000 	/System/Library/Frameworks/Accelerate.framework/Versions/A/Frameworks/vecLib.framework/Versions/A/libLinearAlgebra.dylib
0x0000000006a0b000 	/System/Library/Frameworks/ApplicationServices.framework/Versions/A/Frameworks/ATS.framework/Versions/A/Resources/libFontParser.dylib
0x0000000006a0b000 	/System/Library/Frameworks/ApplicationServices.framework/Versions/A/Frameworks/ATS.framework/Versions/A/Resources/libFontRegistry.dylib
0x0000000006a0b000 	/System/Library/PrivateFrameworks/AppleVPA.framework/Versions/A/AppleVPA
0x0000000006a0b000 	/System/Library/PrivateFrameworks/AppleJPEG.framework/Versions/A/AppleJPEG
0x0000000006a0b000 	/System/Library/Frameworks/ImageIO.framework/Versions/A/Resources/libJPEG.dylib
0x0000000006a0b000 	/System/Library/Frameworks/ImageIO.framework/Versions/A/Resources/libTIFF.dylib
0x0000000006a0b000 	/System/Library/Frameworks/ImageIO.framework/Versions/A/Resources/libPng.dylib
0x0000000006a0b000 	/System/Library/Frameworks/ImageIO.framework/Versions/A/Resources/libGIF.dylib
0x0000000006a0b000 	/System/Library/Frameworks/ImageIO.framework/Versions/A/Resources/libJP2.dylib
0x0000000006a0b000 	/System/Library/Frameworks/ImageIO.framework/Versions/A/Resources/libRadiance.dylib
0x0000000006a0b000 	/System/Library/Frameworks/CoreVideo.framework/Versions/A/CoreVideo
0x0000000006a0b000 	/System/Library/Frameworks/OpenGL.framework/Versions/A/Libraries/libGLU.dylib
0x0000000006a0b000 	/System/Library/Frameworks/OpenGL.framework/Versions/A/Libraries/libGFXShared.dylib
0x0000000006a0b000 	/System/Library/Frameworks/OpenGL.framework/Versions/A/Libraries/libGL.dylib
0x0000000006a0b000 	/System/Library/Frameworks/OpenGL.framework/Versions/A/Libraries/libGLImage.dylib
0x0000000006a0b000 	/System/Library/Frameworks/OpenGL.framework/Versions/A/Libraries/libCVMSPluginSupport.dylib
0x0000000006a0b000 	/System/Library/Frameworks/OpenGL.framework/Versions/A/Libraries/libCoreVMClient.dylib
0x0000000006a0b000 	/usr/lib/libcups.2.dylib
0x0000000006a0b000 	/System/Library/Frameworks/Kerberos.framework/Versions/A/Kerberos
0x0000000006a0b000 	/System/Library/Frameworks/GSS.framework/Versions/A/GSS
0x0000000006a0b000 	/usr/lib/libresolv.9.dylib
0x0000000006a0b000 	/usr/lib/libiconv.2.dylib
0x0000000006a0b000 	/System/Library/PrivateFrameworks/Heimdal.framework/Versions/A/Heimdal
0x0000000006a0b000 	/usr/lib/libheimdal-asn1.dylib
0x0000000006a0b000 	/System/Library/Frameworks/OpenDirectory.framework/Versions/A/OpenDirectory
0x0000000006a0b000 	/System/Library/PrivateFrameworks/CommonAuth.framework/Versions/A/CommonAuth
0x0000000006a0b000 	/System/Library/Frameworks/OpenDirectory.framework/Versions/A/Frameworks/CFOpenDirectory.framework/Versions/A/CFOpenDirectory
0x0000000006a0b000 	/System/Library/Frameworks/SecurityFoundation.framework/Versions/A/SecurityFoundation
0x0000000006a0b000 	/System/Library/PrivateFrameworks/LanguageModeling.framework/Versions/A/LanguageModeling
0x0000000006a0b000 	/usr/lib/libcmph.dylib
0x0000000006a0b000 	/System/Library/Frameworks/ServiceManagement.framework/Versions/A/ServiceManagement
0x0000000006a0b000 	/usr/lib/libxslt.1.dylib
0x0000000006a0b000 	/System/Library/Frameworks/Carbon.framework/Versions/A/Frameworks/Ink.framework/Versions/A/Ink
0x0000000006a0b000 	/System/Library/Frameworks/QuartzCore.framework/Versions/A/Frameworks/CoreImage.framework/Versions/A/CoreImage
0x0000000006a0b000 	/System/Library/PrivateFrameworks/CrashReporterSupport.framework/Versions/A/CrashReporterSupport
0x0000000006a0b000 	/System/Library/Frameworks/OpenCL.framework/Versions/A/OpenCL
0x0000000006a0b000 	/System/Library/PrivateFrameworks/FaceCore.framework/Versions/A/FaceCore
0x0000000006a0b000 	/System/Library/PrivateFrameworks/Ubiquity.framework/Versions/A/Ubiquity
0x0000000006a0b000 	/System/Library/PrivateFrameworks/IconServices.framework/Versions/A/IconServices
0x0000000006a0b000 	/System/Library/PrivateFrameworks/ChunkingLibrary.framework/Versions/A/ChunkingLibrary
0x0000000006a0b000 	/System/Library/PrivateFrameworks/Apple80211.framework/Versions/A/Apple80211
0x0000000006a0b000 	/System/Library/Frameworks/CoreWLAN.framework/Versions/A/CoreWLAN
0x0000000006a0b000 	/System/Library/Frameworks/IOBluetooth.framework/Versions/A/IOBluetooth
0x0000000006a0b000 	/System/Library/PrivateFrameworks/CoreWiFi.framework/Versions/A/CoreWiFi
0x0000000006a0b000 	/System/Library/Frameworks/CoreBluetooth.framework/Versions/A/CoreBluetooth
0x0000000006a0b000 	/System/Library/PrivateFrameworks/DebugSymbols.framework/Versions/A/DebugSymbols
0x0000000006a0b000 	/System/Library/PrivateFrameworks/CoreSymbolication.framework/Versions/A/CoreSymbolication
0x0000000006a0b000 	/System/Library/PrivateFrameworks/Symbolication.framework/Versions/A/Symbolication
0x0000000006a0b000 	/System/Library/PrivateFrameworks/SpeechRecognitionCore.framework/Versions/A/SpeechRecognitionCore
0x000000010fc00000 	/Library/Java/JavaVirtualMachines/jdk1.8.0_91.jdk/Contents/Home/jre/lib/server/libjvm.dylib
0x0000000006a0b000 	/usr/lib/libstdc++.6.dylib
0x000000010eb8f000 	/Library/Java/JavaVirtualMachines/jdk1.8.0_91.jdk/Contents/Home/jre/lib/libverify.dylib
0x000000010eb9d000 	/Library/Java/JavaVirtualMachines/jdk1.8.0_91.jdk/Contents/Home/jre/lib/libjava.dylib
0x0000000110b94000 	/Library/Java/JavaVirtualMachines/jdk1.8.0_91.jdk/Contents/Home/jre/lib/libjdwp.dylib
0x000000010ebd3000 	/Library/Java/JavaVirtualMachines/jdk1.8.0_91.jdk/Contents/Home/jre/lib/libnpt.dylib
0x000000010ebe0000 	/Library/Java/JavaVirtualMachines/jdk1.8.0_91.jdk/Contents/Home/jre/lib/libzip.dylib
0x000000010ebea000 	/System/Library/Frameworks/JavaVM.framework/Frameworks/JavaRuntimeSupport.framework/JavaRuntimeSupport
0x000000012c7b5000 	/System/Library/Frameworks/JavaVM.framework/Versions/A/Frameworks/JavaNativeFoundation.framework/Versions/A/JavaNativeFoundation
0x000000012c7c9000 	/System/Library/Frameworks/JavaVM.framework/Versions/A/JavaVM
0x0000000006a0b000 	/System/Library/Frameworks/Carbon.framework/Versions/A/Carbon
0x000000012c7d5000 	/System/Library/PrivateFrameworks/JavaLaunching.framework/Versions/A/JavaLaunching
0x0000000006a0b000 	/System/Library/Frameworks/Carbon.framework/Versions/A/Frameworks/CommonPanels.framework/Versions/A/CommonPanels
0x0000000006a0b000 	/System/Library/Frameworks/Carbon.framework/Versions/A/Frameworks/Help.framework/Versions/A/Help
0x0000000006a0b000 	/System/Library/Frameworks/Carbon.framework/Versions/A/Frameworks/ImageCapture.framework/Versions/A/ImageCapture
0x0000000006a0b000 	/System/Library/Frameworks/Carbon.framework/Versions/A/Frameworks/OpenScripting.framework/Versions/A/OpenScripting
0x0000000006a0b000 	/System/Library/Frameworks/Carbon.framework/Versions/A/Frameworks/Print.framework/Versions/A/Print
0x0000000006a0b000 	/System/Library/Frameworks/Carbon.framework/Versions/A/Frameworks/SecurityHI.framework/Versions/A/SecurityHI
0x000000012e1c4000 	/Library/Java/JavaVirtualMachines/jdk1.8.0_91.jdk/Contents/Home/jre/lib/libdt_socket.dylib
0x000000012eaf9000 	/Library/Java/JavaVirtualMachines/jdk1.8.0_91.jdk/Contents/Home/jre/lib/libnio.dylib
0x000000012eb09000 	/Library/Java/JavaVirtualMachines/jdk1.8.0_91.jdk/Contents/Home/jre/lib/./libnet.dylib

VM Arguments:
jvm_args: -agentlib:jdwp=transport=dt_socket,suspend=y,address=localhost:63848 -Dfile.encoding=UTF-8 
java_command: sec.extractor.utils.TitleExtractorFromXhtml
java_class_path (initial): /Users/satyaveer.yadav/work/WS/Test/sec-extractor/target/classes:/Users/satyaveer.yadav/.m2/repository/commons-beanutils/commons-beanutils-core/1.8.3/commons-beanutils-core-1.8.3.jar:/Users/satyaveer.yadav/.m2/repository/commons-logging/commons-logging/1.1.1/commons-logging-1.1.1.jar:/Users/satyaveer.yadav/.m2/repository/org/jsoup/jsoup/1.10.3/jsoup-1.10.3.jar:/Users/satyaveer.yadav/.m2/repository/org/slf4j/slf4j-api/1.7.25/slf4j-api-1.7.25.jar:/Users/satyaveer.yadav/.m2/repository/org/slf4j/slf4j-jdk14/1.7.25/slf4j-jdk14-1.7.25.jar:/Users/satyaveer.yadav/.m2/repository/au/com/bytecode/opencsv/2.4/opencsv-2.4.jar:/Users/satyaveer.yadav/.m2/repository/commons-io/commons-io/1.3.2/commons-io-1.3.2.jar
Launcher Type: SUN_STANDARD

Environment Variables:
PATH=/usr/bin:/bin:/usr/sbin:/sbin
SHELL=/bin/bash

Signal Handlers:
SIGSEGV: [libjvm.dylib+0x5a97a1], sa_mask[0]=11111111011111110111111111111111, sa_flags=SA_ONSTACK|SA_RESTART|SA_SIGINFO
SIGBUS: [libjvm.dylib+0x5a97a1], sa_mask[0]=11111111011111110111111111111111, sa_flags=SA_RESTART|SA_SIGINFO
SIGFPE: [libjvm.dylib+0x482594], sa_mask[0]=11111111011111110111111111111111, sa_flags=SA_RESTART|SA_SIGINFO
SIGPIPE: [libjvm.dylib+0x482594], sa_mask[0]=11111111011111110111111111111111, sa_flags=SA_RESTART|SA_SIGINFO
SIGXFSZ: [libjvm.dylib+0x482594], sa_mask[0]=11111111011111110111111111111111, sa_flags=SA_RESTART|SA_SIGINFO
SIGILL: [libjvm.dylib+0x482594], sa_mask[0]=11111111011111110111111111111111, sa_flags=SA_RESTART|SA_SIGINFO
SIGUSR1: SIG_DFL, sa_mask[0]=00000000000000000000000000000000, sa_flags=none
SIGUSR2: [libjvm.dylib+0x4820b2], sa_mask[0]=00100000000000000000000000000000, sa_flags=SA_RESTART|SA_SIGINFO
SIGHUP: [libjvm.dylib+0x480689], sa_mask[0]=11111111011111110111111111111111, sa_flags=SA_RESTART|SA_SIGINFO
SIGINT: [libjvm.dylib+0x480689], sa_mask[0]=11111111011111110111111111111111, sa_flags=SA_RESTART|SA_SIGINFO
SIGTERM: [libjvm.dylib+0x480689], sa_mask[0]=11111111011111110111111111111111, sa_flags=SA_RESTART|SA_SIGINFO
SIGQUIT: [libjvm.dylib+0x480689], sa_mask[0]=11111111011111110111111111111111, sa_flags=SA_RESTART|SA_SIGINFO


---------------  S Y S T E M  ---------------

OS:Bsduname:Darwin 14.5.0 Darwin Kernel Version 14.5.0: Tue Apr 11 16:12:42 PDT 2017; root:xnu-2782.50.9.2.3~1/RELEASE_X86_64 x86_64
rlimit: STACK 8192k, CORE 0k, NPROC 709, NOFILE 10240, AS infinity
load average:1.71 6.12 18.79

CPU:total 8 (4 cores per cpu, 2 threads per core) family 6 model 70 stepping 1, cmov, cx8, fxsr, mmx, sse, sse2, sse3, ssse3, sse4.1, sse4.2, popcnt, avx, avx2, aes, clmul, erms, lzcnt, ht, tsc, tscinvbit, bmi1, bmi2

Memory: 4k page, physical 16777216k(36524k free)

/proc/meminfo:


vm_info: Java HotSpot(TM) 64-Bit Server VM (25.91-b14) for bsd-amd64 JRE (1.8.0_91-b14), built on Apr  1 2016 01:03:00 by "java_re" with gcc 4.2.1 (Based on Apple Inc. build 5658) (LLVM build 2336.11.00)

time: Fri May 18 18:26:04 2018
elapsed time: 232 seconds (0d 0h 3m 52s)

